#
# A fatal error has been detected by the Java Runtime Environment:
#
#  SIGSEGV (0xb) at pc=0xb5350d3c, pid=25248, tid=3078069104
#
# JRE version: 6.0_20-b20
# Java VM: OpenJDK Server VM (19.0-b09 mixed mode linux-x86 )
# Derivative: IcedTea6 1.9.13
# Distribution: Ubuntu 10.04.1 LTS, package 6b20-1.9.13-0ubuntu1~10.04.1
# Problematic frame:
# J  macromedia.abc.Decoder$Opcodes.decode(IJLmacromedia/abc/Visitor;)V
#
# If you would like to submit a bug report, please include
# instructions how to reproduce the bug and visit:
#   https://bugs.launchpad.net/ubuntu/+source/openjdk-6/
#

---------------  T H R E A D  ---------------

Current thread (0x092e8400):  JavaThread "main" [_thread_in_Java, id=25250, stack(0xb7729000,0xb777a000)]

siginfo:si_signo=SIGSEGV: si_errno=0, si_code=128 (), si_addr=0x00000000

Registers:
EAX=0x00003482, EBX=0x000003c4, ECX=0xac624968, EDX=0x00000000
ESP=0xb7778120, EBP=0x00000000, ESI=0xffffffff, EDI=0x947e2d10
EIP=0xb5350d3c, CR2=0x0000000c, EFLAGS=0x00010202

Register to memory mapping:

EAX=0x00003482
0x00003482 is pointing to unknown location

EBX=0x000003c4
0x000003c4 is pointing to unknown location

ECX=0xac624968

[error occurred during error reporting (printing registers, top of stack, instructions near pc), id 0xe0000000]

Stack: [0xb7729000,0xb777a000],  sp=0xb7778120,  free space=316k
Native frames: (J=compiled Java code, j=interpreted, Vv=VM code, C=native code)
J  macromedia.abc.Decoder$Opcodes.decode(IJLmacromedia/abc/Visitor;)V

[error occurred during error reporting (printing native stack), id 0xb]


---------------  P R O C E S S  ---------------

Java Threads: ( => current thread )
  0x0a6a0c00 JavaThread "AWT-XAWT" daemon [_thread_in_native, id=25272, stack(0x738ae000,0x738ff000)]
  0x09bc1c00 JavaThread "Java2D Disposer" daemon [_thread_blocked, id=25271, stack(0x738ff000,0x73950000)]
  0x74097000 JavaThread "Low Memory Detector" daemon [_thread_blocked, id=25259, stack(0x73bbb000,0x73c0c000)]
  0x74095000 JavaThread "CompilerThread1" daemon [_thread_in_native, id=25258, stack(0x73c0c000,0x73c8d000)]
  0x74093000 JavaThread "CompilerThread0" daemon [_thread_in_native, id=25257, stack(0x73c8d000,0x73d0e000)]
  0x74091800 JavaThread "Signal Dispatcher" daemon [_thread_blocked, id=25256, stack(0x73d0e000,0x73d5f000)]
  0x74081800 JavaThread "Finalizer" daemon [_thread_blocked, id=25255, stack(0x7412e000,0x7417f000)]
  0x74080000 JavaThread "Reference Handler" daemon [_thread_blocked, id=25254, stack(0x73d9e000,0x73def000)]
=>0x092e8400 JavaThread "main" [_thread_in_Java, id=25250, stack(0xb7729000,0xb777a000)]

Other Threads:
  0x7407c000 VMThread [stack: 0x73def000,0x73e70000] [id=25253]
  0x74099000 WatcherThread [stack: 0x73b3a000,0x73bbb000] [id=25260]

VM state:not at safepoint (normal execution)

VM Mutex/Monitor currently owned by a thread: None

Heap
 PSYoungGen      total 136128K, used 59555K [0xa9bc0000, 0xb4660000, 0xb4660000)
  eden space 106112K, 41% used [0xa9bc0000,0xac6b07c8,0xb0360000)
  from space 30016K, 51% used [0xb2910000,0xb3848508,0xb4660000)
  to   space 34304K, 0% used [0xb0360000,0xb0360000,0xb24e0000)
 PSOldGen        total 79232K, used 35613K [0x94660000, 0x993c0000, 0xa9bc0000)
  object space 79232K, 44% used [0x94660000,0x96927520,0x993c0000)
 PSPermGen       total 59776K, used 45052K [0x74660000, 0x780c0000, 0x94660000)
  object space 59776K, 75% used [0x74660000,0x7725f0f0,0x780c0000)

Dynamic libraries:
00110000-00134000 r-xp 00000000 08:01 11273956   /usr/lib/jvm/java-6-openjdk/jre/lib/i386/libjava.so
00134000-00135000 r--p 00023000 08:01 11273956   /usr/lib/jvm/java-6-openjdk/jre/lib/i386/libjava.so
00135000-00137000 rw-p 00024000 08:01 11273956   /usr/lib/jvm/java-6-openjdk/jre/lib/i386/libjava.so
00137000-00154000 r-xp 00000000 08:01 4849747    /lib/libgcc_s.so.1
00154000-00155000 r--p 0001c000 08:01 4849747    /lib/libgcc_s.so.1
00155000-00156000 rw-p 0001d000 08:01 4849747    /lib/libgcc_s.so.1
00156000-0015a000 r-xp 00000000 08:01 7605050    /usr/lib/libXfixes.so.3.1.0
0015a000-0015b000 r--p 00003000 08:01 7605050    /usr/lib/libXfixes.so.3.1.0
0015b000-0015c000 rw-p 00004000 08:01 7605050    /usr/lib/libXfixes.so.3.1.0
0015c000-00165000 r-xp 00000000 08:01 11273960   /usr/lib/jvm/java-6-openjdk/jre/lib/i386/libjpeg.so
00165000-00166000 r--p 00008000 08:01 11273960   /usr/lib/jvm/java-6-openjdk/jre/lib/i386/libjpeg.so
00166000-00167000 rw-p 00009000 08:01 11273960   /usr/lib/jvm/java-6-openjdk/jre/lib/i386/libjpeg.so
00182000-0018e000 r-xp 00000000 08:01 7605056    /usr/lib/libXi.so.6.1.0
0018e000-0018f000 r--p 0000c000 08:01 7605056    /usr/lib/libXi.so.6.1.0
0018f000-00190000 rw-p 0000d000 08:01 7605056    /usr/lib/libXi.so.6.1.0
0019d000-0019f000 r-xp 00000000 08:01 4981523    /lib/tls/i686/cmov/libdl-2.11.1.so
0019f000-001a0000 r--p 00001000 08:01 4981523    /lib/tls/i686/cmov/libdl-2.11.1.so
001a0000-001a1000 rw-p 00002000 08:01 4981523    /lib/tls/i686/cmov/libdl-2.11.1.so
001b9000-001cc000 r-xp 00000000 08:01 4981521    /lib/tls/i686/cmov/libnsl-2.11.1.so
001cc000-001cd000 r--p 00012000 08:01 4981521    /lib/tls/i686/cmov/libnsl-2.11.1.so
001cd000-001ce000 rw-p 00013000 08:01 4981521    /lib/tls/i686/cmov/libnsl-2.11.1.so
001ce000-001d0000 rw-p 00000000 00:00 0 
001d0000-00241000 r-xp 00000000 08:01 7602293    /usr/lib/libfreetype.so.6.3.22
00241000-00245000 r--p 00070000 08:01 7602293    /usr/lib/libfreetype.so.6.3.22
00245000-00246000 rw-p 00074000 08:01 7602293    /usr/lib/libfreetype.so.6.3.22
00246000-00265000 r-xp 00000000 08:01 7605644    /usr/lib/libjpeg.so.62.0.0
00265000-00266000 r--p 0001e000 08:01 7605644    /usr/lib/libjpeg.so.62.0.0
00266000-00267000 rw-p 0001f000 08:01 7605644    /usr/lib/libjpeg.so.62.0.0
00277000-0027a000 r-xp 00000000 08:01 11273944   /usr/lib/jvm/java-6-openjdk/jre/lib/i386/jli/libjli.so
0027a000-0027b000 r--p 00003000 08:01 11273944   /usr/lib/jvm/java-6-openjdk/jre/lib/i386/jli/libjli.so
0027b000-0027c000 rw-p 00004000 08:01 11273944   /usr/lib/jvm/java-6-openjdk/jre/lib/i386/jli/libjli.so
0028e000-0029c000 r-xp 00000000 08:01 7605048    /usr/lib/libXext.so.6.4.0
0029c000-0029d000 r--p 0000d000 08:01 7605048    /usr/lib/libXext.so.6.4.0
0029d000-0029e000 rw-p 0000e000 08:01 7605048    /usr/lib/libXext.so.6.4.0
002a5000-002ea000 r-xp 00000000 08:01 11274137   /usr/lib/jvm/java-6-openjdk/jre/lib/i386/xawt/libmawt.so
002ea000-002eb000 r--p 00044000 08:01 11274137   /usr/lib/jvm/java-6-openjdk/jre/lib/i386/xawt/libmawt.so
002eb000-002ed000 rw-p 00045000 08:01 11274137   /usr/lib/jvm/java-6-openjdk/jre/lib/i386/xawt/libmawt.so
002ed000-002ee000 rw-p 00000000 00:00 0 
0031f000-00326000 r-xp 00000000 08:01 11273973   /usr/lib/jvm/java-6-openjdk/jre/lib/i386/libzip.so
00326000-00327000 r--p 00006000 08:01 11273973   /usr/lib/jvm/java-6-openjdk/jre/lib/i386/libzip.so
00327000-00328000 rw-p 00007000 08:01 11273973   /usr/lib/jvm/java-6-openjdk/jre/lib/i386/libzip.so
003a3000-003ad000 r-xp 00000000 08:01 4981525    /lib/tls/i686/cmov/libnss_files-2.11.1.so
003ad000-003ae000 r--p 00009000 08:01 4981525    /lib/tls/i686/cmov/libnss_files-2.11.1.so
003ae000-003af000 rw-p 0000a000 08:01 4981525    /lib/tls/i686/cmov/libnss_files-2.11.1.so
003b3000-003c6000 r-xp 00000000 08:01 4849862    /lib/libz.so.1.2.3.3
003c6000-003c7000 r--p 00012000 08:01 4849862    /lib/libz.so.1.2.3.3
003c7000-003c8000 rw-p 00013000 08:01 4849862    /lib/libz.so.1.2.3.3
003d3000-003f7000 r-xp 00000000 08:01 4981530    /lib/tls/i686/cmov/libm-2.11.1.so
003f7000-003f8000 r--p 00023000 08:01 4981530    /lib/tls/i686/cmov/libm-2.11.1.so
003f8000-003f9000 rw-p 00024000 08:01 4981530    /lib/tls/i686/cmov/libm-2.11.1.so
003f9000-0047e000 r-xp 00000000 08:01 11273947   /usr/lib/jvm/java-6-openjdk/jre/lib/i386/libawt.so
0047e000-0047f000 r--p 00085000 08:01 11273947   /usr/lib/jvm/java-6-openjdk/jre/lib/i386/libawt.so
0047f000-00485000 rw-p 00086000 08:01 11273947   /usr/lib/jvm/java-6-openjdk/jre/lib/i386/libawt.so
00485000-004aa000 rw-p 00000000 00:00 0 
00503000-00505000 r-xp 00000000 08:01 7605035    /usr/lib/libXau.so.6.0.0
00505000-00506000 r--p 00001000 08:01 7605035    /usr/lib/libXau.so.6.0.0
00506000-00507000 rw-p 00002000 08:01 7605035    /usr/lib/libXau.so.6.0.0
00594000-005af000 r-xp 00000000 08:01 4853164    /lib/ld-2.11.1.so
005af000-005b0000 r--p 0001a000 08:01 4853164    /lib/ld-2.11.1.so
005b0000-005b1000 rw-p 0001b000 08:01 4853164    /lib/ld-2.11.1.so
00606000-0060d000 r-xp 00000000 08:01 11273975   /usr/lib/jvm/java-6-openjdk/jre/lib/i386/native_threads/libhpi.so
0060d000-0060e000 r--p 00006000 08:01 11273975   /usr/lib/jvm/java-6-openjdk/jre/lib/i386/native_threads/libhpi.so
0060e000-0060f000 rw-p 00007000 08:01 11273975   /usr/lib/jvm/java-6-openjdk/jre/lib/i386/native_threads/libhpi.so
00612000-0062a000 r-xp 00000000 08:01 7606042    /usr/lib/libxcb.so.1.1.0
0062a000-0062b000 r--p 00017000 08:01 7606042    /usr/lib/libxcb.so.1.1.0
0062b000-0062c000 rw-p 00018000 08:01 7606042    /usr/lib/libxcb.so.1.1.0
00648000-00650000 r-xp 00000000 08:01 4981541    /lib/tls/i686/cmov/libnss_nis-2.11.1.so
00650000-00651000 r--p 00007000 08:01 4981541    /lib/tls/i686/cmov/libnss_nis-2.11.1.so
00651000-00652000 rw-p 00008000 08:01 4981541    /lib/tls/i686/cmov/libnss_nis-2.11.1.so
00652000-0076b000 r-xp 00000000 08:01 7605031    /usr/lib/libX11.so.6.3.0
0076b000-0076c000 r--p 00118000 08:01 7605031    /usr/lib/libX11.so.6.3.0
0076c000-0076e000 rw-p 00119000 08:01 7605031    /usr/lib/libX11.so.6.3.0
0076e000-0076f000 rw-p 00000000 00:00 0 
007a9000-007b0000 r-xp 00000000 08:01 4981533    /lib/tls/i686/cmov/librt-2.11.1.so
007b0000-007b1000 r--p 00006000 08:01 4981533    /lib/tls/i686/cmov/librt-2.11.1.so
007b1000-007b2000 rw-p 00007000 08:01 4981533    /lib/tls/i686/cmov/librt-2.11.1.so
007c6000-007cc000 r-xp 00000000 08:01 4981540    /lib/tls/i686/cmov/libnss_compat-2.11.1.so
007cc000-007cd000 r--p 00006000 08:01 4981540    /lib/tls/i686/cmov/libnss_compat-2.11.1.so
007cd000-007ce000 rw-p 00007000 08:01 4981540    /lib/tls/i686/cmov/libnss_compat-2.11.1.so
007f9000-0083d000 r-xp 00000000 08:01 11273949   /usr/lib/jvm/java-6-openjdk/jre/lib/i386/libfontmanager.so
0083d000-0083f000 r--p 00043000 08:01 11273949   /usr/lib/jvm/java-6-openjdk/jre/lib/i386/libfontmanager.so
0083f000-00840000 rw-p 00045000 08:01 11273949   /usr/lib/jvm/java-6-openjdk/jre/lib/i386/libfontmanager.so
00840000-00845000 rw-p 00000000 00:00 0 
008a1000-009f4000 r-xp 00000000 08:01 4981528    /lib/tls/i686/cmov/libc-2.11.1.so
009f4000-009f6000 r--p 00153000 08:01 4981528    /lib/tls/i686/cmov/libc-2.11.1.so
009f6000-009f7000 rw-p 00155000 08:01 4981528    /lib/tls/i686/cmov/libc-2.11.1.so
009f7000-009fa000 rw-p 00000000 00:00 0 
00b65000-00b7a000 r-xp 00000000 08:01 4981524    /lib/tls/i686/cmov/libpthread-2.11.1.so
00b7a000-00b7b000 r--p 00014000 08:01 4981524    /lib/tls/i686/cmov/libpthread-2.11.1.so
00b7b000-00b7c000 rw-p 00015000 08:01 4981524    /lib/tls/i686/cmov/libpthread-2.11.1.so
00b7c000-00b7e000 rw-p 00000000 00:00 0 
00b83000-00b87000 r-xp 00000000 08:01 7605076    /usr/lib/libXtst.so.6.1.0
00b87000-00b88000 r--p 00003000 08:01 7605076    /usr/lib/libXtst.so.6.1.0
00b88000-00b89000 rw-p 00004000 08:01 7605076    /usr/lib/libXtst.so.6.1.0
00c29000-00c31000 r-xp 00000000 08:01 7605042    /usr/lib/libXcursor.so.1.0.2
00c31000-00c32000 r--p 00007000 08:01 7605042    /usr/lib/libXcursor.so.1.0.2
00c32000-00c33000 rw-p 00008000 08:01 7605042    /usr/lib/libXcursor.so.1.0.2
00d19000-00d21000 r-xp 00000000 08:01 7605070    /usr/lib/libXrender.so.1.3.0
00d21000-00d22000 r--p 00007000 08:01 7605070    /usr/lib/libXrender.so.1.3.0
00d22000-00d23000 rw-p 00008000 08:01 7605070    /usr/lib/libXrender.so.1.3.0
00e71000-00e7d000 r-xp 00000000 08:01 11273972   /usr/lib/jvm/java-6-openjdk/jre/lib/i386/libverify.so
00e7d000-00e7e000 r--p 0000b000 08:01 11273972   /usr/lib/jvm/java-6-openjdk/jre/lib/i386/libverify.so
00e7e000-00e7f000 rw-p 0000c000 08:01 11273972   /usr/lib/jvm/java-6-openjdk/jre/lib/i386/libverify.so
00f8c000-00f90000 r-xp 00000000 08:01 7605046    /usr/lib/libXdmcp.so.6.0.0
00f90000-00f91000 r--p 00003000 08:01 7605046    /usr/lib/libXdmcp.so.6.0.0
00f91000-00f92000 rw-p 00004000 08:01 7605046    /usr/lib/libXdmcp.so.6.0.0
00fd0000-00fd1000 r-xp 00000000 00:00 0          [vdso]
00fd1000-01696000 r-xp 00000000 08:01 11273977   /usr/lib/jvm/java-6-openjdk/jre/lib/i386/server/libjvm.so
01696000-01697000 ---p 006c5000 08:01 11273977   /usr/lib/jvm/java-6-openjdk/jre/lib/i386/server/libjvm.so
01697000-016dc000 r--p 006c5000 08:01 11273977   /usr/lib/jvm/java-6-openjdk/jre/lib/i386/server/libjvm.so
016dc000-016eb000 rw-p 0070a000 08:01 11273977   /usr/lib/jvm/java-6-openjdk/jre/lib/i386/server/libjvm.so
016eb000-01b0a000 rw-p 00000000 00:00 0 
08048000-08051000 r-xp 00000000 08:01 11274005   /usr/lib/jvm/java-6-openjdk/jre/bin/java
08051000-08052000 r--p 00008000 08:01 11274005   /usr/lib/jvm/java-6-openjdk/jre/bin/java
08052000-08053000 rw-p 00009000 08:01 11274005   /usr/lib/jvm/java-6-openjdk/jre/bin/java
092e2000-0b7df000 rw-p 00000000 00:00 0          [heap]
6ad00000-6ad29000 rw-p 00000000 00:00 0 
6ad29000-6ae00000 ---p 00000000 00:00 0 
6af00000-6afc7000 rw-p 00000000 00:00 0 
6afc7000-6b000000 ---p 00000000 00:00 0 
6b000000-6b0f9000 rw-p 00000000 00:00 0 
6b0f9000-6b100000 ---p 00000000 00:00 0 
6b100000-6b1e2000 rw-p 00000000 00:00 0 
6b1e2000-6b200000 ---p 00000000 00:00 0 
6b500000-6b5f2000 rw-p 00000000 00:00 0 
6b5f2000-6b600000 ---p 00000000 00:00 0 
6b700000-6b7fe000 rw-p 00000000 00:00 0 
6b7fe000-6b800000 ---p 00000000 00:00 0 
6b800000-6b900000 rw-p 00000000 00:00 0 
6b900000-6b9e8000 rw-p 00000000 00:00 0 
6b9e8000-6ba00000 ---p 00000000 00:00 0 
6ba00000-6bae8000 rw-p 00000000 00:00 0 
6bae8000-6bb00000 ---p 00000000 00:00 0 
6bb00000-6bbfb000 rw-p 00000000 00:00 0 
6bbfb000-6bc00000 ---p 00000000 00:00 0 
6bc00000-6bcfb000 rw-p 00000000 00:00 0 
6bcfb000-6bd00000 ---p 00000000 00:00 0 
6bd00000-6bdf9000 rw-p 00000000 00:00 0 
6bdf9000-6be00000 ---p 00000000 00:00 0 
6be00000-6bee1000 rw-p 00000000 00:00 0 
6bee1000-6bf00000 ---p 00000000 00:00 0 
6bf00000-6bff1000 rw-p 00000000 00:00 0 
6bff1000-6c000000 ---p 00000000 00:00 0 
6c000000-6c0f9000 rw-p 00000000 00:00 0 
6c0f9000-6c100000 ---p 00000000 00:00 0 
6c100000-6c1e1000 rw-p 00000000 00:00 0 
6c1e1000-6c200000 ---p 00000000 00:00 0 
6c200000-6c2f1000 rw-p 00000000 00:00 0 
6c2f1000-6c300000 ---p 00000000 00:00 0 
6c300000-6c3ff000 rw-p 00000000 00:00 0 
6c3ff000-6c400000 ---p 00000000 00:00 0 
6c400000-6c5f0000 rw-p 00000000 00:00 0 
6c5f0000-6c600000 ---p 00000000 00:00 0 
6c600000-6c800000 rw-p 00000000 00:00 0 
6c800000-6c8f9000 rw-p 00000000 00:00 0 
6c8f9000-6c900000 ---p 00000000 00:00 0 
6c900000-6ca00000 rw-p 00000000 00:00 0 
6ca00000-6cae7000 rw-p 00000000 00:00 0 
6cae7000-6cb00000 ---p 00000000 00:00 0 
6cb00000-6cbe6000 rw-p 00000000 00:00 0 
6cbe6000-6cc00000 ---p 00000000 00:00 0 
6cc00000-6cce2000 rw-p 00000000 00:00 0 
6cce2000-6cd00000 ---p 00000000 00:00 0 
6cd00000-6cdc3000 rw-p 00000000 00:00 0 
6cdc3000-6ce00000 ---p 00000000 00:00 0 
6ce00000-6cee0000 rw-p 00000000 00:00 0 
6cee0000-6cf00000 ---p 00000000 00:00 0 
6cf00000-6cfe1000 rw-p 00000000 00:00 0 
6cfe1000-6d000000 ---p 00000000 00:00 0 
6d000000-6d0f7000 rw-p 00000000 00:00 0 
6d0f7000-6d100000 ---p 00000000 00:00 0 
6d100000-6d1c8000 rw-p 00000000 00:00 0 
6d1c8000-6d200000 ---p 00000000 00:00 0 
6d200000-6d2e2000 rw-p 00000000 00:00 0 
6d2e2000-6d300000 ---p 00000000 00:00 0 
6d300000-6d3eb000 rw-p 00000000 00:00 0 
6d3eb000-6d400000 ---p 00000000 00:00 0 
6d400000-6d4f6000 rw-p 00000000 00:00 0 
6d4f6000-6d500000 ---p 00000000 00:00 0 
6d500000-6d5e9000 rw-p 00000000 00:00 0 
6d5e9000-6d600000 ---p 00000000 00:00 0 
6d600000-6d6f3000 rw-p 00000000 00:00 0 
6d6f3000-6d700000 ---p 00000000 00:00 0 
6d700000-6d7da000 rw-p 00000000 00:00 0 
6d7da000-6d800000 ---p 00000000 00:00 0 
6d800000-6d8ee000 rw-p 00000000 00:00 0 
6d8ee000-6d900000 ---p 00000000 00:00 0 
6d900000-6d9f1000 rw-p 00000000 00:00 0 
6d9f1000-6da00000 ---p 00000000 00:00 0 
6da00000-6dae5000 rw-p 00000000 00:00 0 
6dae5000-6db00000 ---p 00000000 00:00 0 
6db00000-6dbea000 rw-p 00000000 00:00 0 
6dbea000-6dc00000 ---p 00000000 00:00 0 
6dc00000-6dcfa000 rw-p 00000000 00:00 0 
6dcfa000-6dd00000 ---p 00000000 00:00 0 
6dd00000-6ddff000 rw-p 00000000 00:00 0 
6ddff000-6de00000 ---p 00000000 00:00 0 
6de00000-6defd000 rw-p 00000000 00:00 0 
6defd000-6df00000 ---p 00000000 00:00 0 
6df00000-6dff2000 rw-p 00000000 00:00 0 
6dff2000-6e000000 ---p 00000000 00:00 0 
6e000000-6e100000 rw-p 00000000 00:00 0 
6e100000-6e1fb000 rw-p 00000000 00:00 0 
6e1fb000-6e200000 ---p 00000000 00:00 0 
6e200000-6e2f0000 rw-p 00000000 00:00 0 
6e2f0000-6e300000 ---p 00000000 00:00 0 
6e300000-6e3fd000 rw-p 00000000 00:00 0 
6e3fd000-6e400000 ---p 00000000 00:00 0 
6e400000-6e4e1000 rw-p 00000000 00:00 0 
6e4e1000-6e500000 ---p 00000000 00:00 0 
6e500000-6e5fd000 rw-p 00000000 00:00 0 
6e5fd000-6e600000 ---p 00000000 00:00 0 
6e600000-6e6d7000 rw-p 00000000 00:00 0 
6e6d7000-6e700000 ---p 00000000 00:00 0 
6e700000-6e800000 rw-p 00000000 00:00 0 
6e800000-6e8f8000 rw-p 00000000 00:00 0 
6e8f8000-6e900000 ---p 00000000 00:00 0 
6e900000-6e9e4000 rw-p 00000000 00:00 0 
6e9e4000-6ea00000 ---p 00000000 00:00 0 
6ea00000-6eb00000 rw-p 00000000 00:00 0 
6eb00000-6ebef000 rw-p 00000000 00:00 0 
6ebef000-6ec00000 ---p 00000000 00:00 0 
6ec00000-6ecfb000 rw-p 00000000 00:00 0 
6ecfb000-6ed00000 ---p 00000000 00:00 0 
6ed00000-6edf2000 rw-p 00000000 00:00 0 
6edf2000-6ee00000 ---p 00000000 00:00 0 
6ee00000-6eee8000 rw-p 00000000 00:00 0 
6eee8000-6ef00000 ---p 00000000 00:00 0 
6ef00000-6effd000 rw-p 00000000 00:00 0 
6effd000-6f000000 ---p 00000000 00:00 0 
6f000000-6f100000 rw-p 00000000 00:00 0 
6f100000-6f1fb000 rw-p 00000000 00:00 0 
6f1fb000-6f200000 ---p 00000000 00:00 0 
6f200000-6f2ec000 rw-p 00000000 00:00 0 
6f2ec000-6f300000 ---p 00000000 00:00 0 
6f300000-6f4f0000 rw-p 00000000 00:00 0 
6f4f0000-6f500000 ---p 00000000 00:00 0 
6f500000-6f5f4000 rw-p 00000000 00:00 0 
6f5f4000-6f600000 ---p 00000000 00:00 0 
6f600000-6f6f1000 rw-p 00000000 00:00 0 
6f6f1000-6f700000 ---p 00000000 00:00 0 
6f700000-6f7f4000 rw-p 00000000 00:00 0 
6f7f4000-6f800000 ---p 00000000 00:00 0 
6f800000-6f8ca000 rw-p 00000000 00:00 0 
6f8ca000-6f900000 ---p 00000000 00:00 0 
6f900000-6f9c9000 rw-p 00000000 00:00 0 
6f9c9000-6fa00000 ---p 00000000 00:00 0 
6fa00000-6fb00000 rw-p 00000000 00:00 0 
6fb00000-6fbf8000 rw-p 00000000 00:00 0 
6fbf8000-6fc00000 ---p 00000000 00:00 0 
6fd00000-6fdf4000 rw-p 00000000 00:00 0 
6fdf4000-6fe00000 ---p 00000000 00:00 0 
6fe00000-6fefb000 rw-p 00000000 00:00 0 
6fefb000-6ff00000 ---p 00000000 00:00 0 
6ff00000-6fffe000 rw-p 00000000 00:00 0 
6fffe000-70000000 ---p 00000000 00:00 0 
70000000-700c5000 rw-p 00000000 00:00 0 
700c5000-70100000 ---p 00000000 00:00 0 
70100000-701f0000 rw-p 00000000 00:00 0 
701f0000-70200000 ---p 00000000 00:00 0 
70200000-702e5000 rw-p 00000000 00:00 0 
702e5000-70300000 ---p 00000000 00:00 0 
70300000-703ef000 rw-p 00000000 00:00 0 
703ef000-70400000 ---p 00000000 00:00 0 
70400000-704d5000 rw-p 00000000 00:00 0 
704d5000-70500000 ---p 00000000 00:00 0 
70500000-705eb000 rw-p 00000000 00:00 0 
705eb000-70600000 ---p 00000000 00:00 0 
70600000-706ff000 rw-p 00000000 00:00 0 
706ff000-70700000 ---p 00000000 00:00 0 
70700000-707e7000 rw-p 00000000 00:00 0 
707e7000-70800000 ---p 00000000 00:00 0 
70800000-708fc000 rw-p 00000000 00:00 0 
708fc000-70900000 ---p 00000000 00:00 0 
70900000-709db000 rw-p 00000000 00:00 0 
709db000-70a00000 ---p 00000000 00:00 0 
70a00000-70adc000 rw-p 00000000 00:00 0 
70adc000-70b00000 ---p 00000000 00:00 0 
70b00000-70bfd000 rw-p 00000000 00:00 0 
70bfd000-70c00000 ---p 00000000 00:00 0 
70c00000-70cfb000 rw-p 00000000 00:00 0 
70cfb000-70d00000 ---p 00000000 00:00 0 
70d00000-70df7000 rw-p 00000000 00:00 0 
70df7000-70e00000 ---p 00000000 00:00 0 
70e00000-70ef9000 rw-p 00000000 00:00 0 
70ef9000-70f00000 ---p 00000000 00:00 0 
70f00000-70ff9000 rw-p 00000000 00:00 0 
70ff9000-71000000 ---p 00000000 00:00 0 
71000000-710ec000 rw-p 00000000 00:00 0 
710ec000-71100000 ---p 00000000 00:00 0 
71200000-712f2000 rw-p 00000000 00:00 0 
712f2000-71300000 ---p 00000000 00:00 0 
71300000-713e9000 rw-p 00000000 00:00 0 
713e9000-71400000 ---p 00000000 00:00 0 
71400000-714ef000 rw-p 00000000 00:00 0 
714ef000-71500000 ---p 00000000 00:00 0 
71600000-716f9000 rw-p 00000000 00:00 0 
716f9000-71700000 ---p 00000000 00:00 0 
71700000-717ee000 rw-p 00000000 00:00 0 
717ee000-71800000 ---p 00000000 00:00 0 
71800000-718e9000 rw-p 00000000 00:00 0 
718e9000-71900000 ---p 00000000 00:00 0 
71900000-71a00000 rw-p 00000000 00:00 0 
71a00000-71afa000 rw-p 00000000 00:00 0 
71afa000-71b00000 ---p 00000000 00:00 0 
71b00000-71bff000 rw-p 00000000 00:00 0 
71bff000-71c00000 ---p 00000000 00:00 0 
71c00000-71cf7000 rw-p 00000000 00:00 0 
71cf7000-71d00000 ---p 00000000 00:00 0 
71d00000-71dd6000 rw-p 00000000 00:00 0 
71dd6000-71e00000 ---p 00000000 00:00 0 
71e00000-71ef1000 rw-p 00000000 00:00 0 
71ef1000-71f00000 ---p 00000000 00:00 0 
71f00000-71ffc000 rw-p 00000000 00:00 0 
71ffc000-72000000 ---p 00000000 00:00 0 
72000000-720fc000 rw-p 00000000 00:00 0 
720fc000-72100000 ---p 00000000 00:00 0 
72100000-721f1000 rw-p 00000000 00:00 0 
721f1000-72200000 ---p 00000000 00:00 0 
72200000-723e3000 rw-p 00000000 00:00 0 
723e3000-72400000 ---p 00000000 00:00 0 
72400000-72600000 rw-p 00000000 00:00 0 
72600000-726fe000 rw-p 00000000 00:00 0 
726fe000-72700000 ---p 00000000 00:00 0 
72700000-727f9000 rw-p 00000000 00:00 0 
727f9000-72800000 ---p 00000000 00:00 0 
72900000-729fb000 rw-p 00000000 00:00 0 
729fb000-72a00000 ---p 00000000 00:00 0 
72b00000-72c00000 rw-p 00000000 00:00 0 
72d00000-72df9000 rw-p 00000000 00:00 0 
72df9000-72e00000 ---p 00000000 00:00 0 
72e00000-72efc000 rw-p 00000000 00:00 0 
72efc000-72f00000 ---p 00000000 00:00 0 
72f00000-72ffb000 rw-p 00000000 00:00 0 
72ffb000-73000000 ---p 00000000 00:00 0 
73000000-730fa000 rw-p 00000000 00:00 0 
730fa000-73100000 ---p 00000000 00:00 0 
73100000-73200000 rw-p 00000000 00:00 0 
73200000-732bf000 rw-p 00000000 00:00 0 
732bf000-73300000 ---p 00000000 00:00 0 
73300000-73400000 rw-p 00000000 00:00 0 
73496000-73499000 ---p 00000000 00:00 0 
73499000-734e7000 rw-p 00000000 00:00 0 
734e7000-734ed000 r--s 000fc000 08:01 11273413   /usr/lib/jvm/java-6-openjdk/jre/lib/resources.jar
734ed000-734ee000 r--s 00000000 08:01 917569     /var/cache/fontconfig/c05880de57d1f5e948fdfacc138775d9-le32d4.cache-3
734ee000-734f4000 r--s 00000000 08:01 917566     /var/cache/fontconfig/945677eb7aeaf62f1d50efc3fb3ec7d8-le32d4.cache-3
734f4000-734f6000 r--s 00000000 08:01 917567     /var/cache/fontconfig/99e8ed0e538f840c565b6ed5dad60d56-le32d4.cache-3
734f6000-734f9000 r--s 00000000 08:01 917576     /var/cache/fontconfig/e383d7ea5fbe662a33d9b44caf393297-le32d4.cache-3
734f9000-734fb000 r--s 00000000 08:01 925781     /var/cache/fontconfig/ea47318ec9849e1a71e80a5d69d13859-le32d4.cache-3
734fb000-734fc000 r--s 00000000 08:01 925780     /var/cache/fontconfig/e3fa16a14183b06aa45b3e009278fd14-le32d4.cache-3
734fc000-734fd000 r--s 00000000 08:01 917577     /var/cache/fontconfig/e7071f4a29fa870f4323321c154eba04-le32d4.cache-3
734fd000-73500000 r--s 00000000 08:01 917563     /var/cache/fontconfig/6eb3985aa4124903f6ff08ba781cd364-le32d4.cache-3
73500000-735ff000 rw-p 00000000 00:00 0 
735ff000-73600000 ---p 00000000 00:00 0 
73601000-73602000 r--s 00000000 08:01 917559     /var/cache/fontconfig/4c73fe0c47614734b17d736dbde7580a-le32d4.cache-3
73602000-73603000 r--s 00000000 08:01 917553     /var/cache/fontconfig/0d8c3b2ac0904cb8a57a757ad11a4a08-le32d4.cache-3
73603000-73604000 r--s 00000000 08:01 917561     /var/cache/fontconfig/6a53c69dea097a2d716e069445527da8-le32d4.cache-3
73604000-73608000 r--s 00000000 08:01 917568     /var/cache/fontconfig/a755afe4a08bf5b97852ceb7400b47bc-le32d4.cache-3
73608000-7360f000 r--s 00000000 08:01 925779     /var/cache/fontconfig/6d41288fd70b0be22e8c3a91e032eec0-le32d4.cache-3
7360f000-7361a000 r--s 00000000 08:01 917554     /var/cache/fontconfig/0f34bcd4b6ee430af32735b75db7f02b-le32d4.cache-3
7361a000-7361d000 r--s 00000000 08:01 917573     /var/cache/fontconfig/d60319d88cac85ba9e1a07bd06cfbb8c-le32d4.cache-3
7361d000-7361e000 r--s 00000000 08:01 917557     /var/cache/fontconfig/4794a0821666d79190d59a36cb4f44b5-le32d4.cache-3
7361e000-73640000 r--s 00000000 08:01 925903     /var/cache/fontconfig/365b55f210c0a22e9a19e35191240f32-le32d4.cache-3
73640000-73648000 r--s 00000000 08:01 917572     /var/cache/fontconfig/d52a8644073d54c13679302ca1180695-le32d4.cache-3
73648000-7364a000 r--s 00000000 08:01 919472     /var/cache/fontconfig/e13b20fdb08344e0e664864cc2ede53d-le32d4.cache-3
7364a000-7364d000 r--s 00000000 08:01 925777     /var/cache/fontconfig/7ef2298fde41cc6eeb7af42e48b7d293-le32d4.cache-3
7364d000-7364e000 r--s 00000000 08:01 917569     /var/cache/fontconfig/c05880de57d1f5e948fdfacc138775d9-le32d4.cache-3
7364e000-73654000 r--s 00000000 08:01 917566     /var/cache/fontconfig/945677eb7aeaf62f1d50efc3fb3ec7d8-le32d4.cache-3
73654000-73656000 r--s 00000000 08:01 917567     /var/cache/fontconfig/99e8ed0e538f840c565b6ed5dad60d56-le32d4.cache-3
73656000-73659000 r--s 00000000 08:01 917576     /var/cache/fontconfig/e383d7ea5fbe662a33d9b44caf393297-le32d4.cache-3
73659000-7365b000 r--s 00000000 08:01 925781     /var/cache/fontconfig/ea47318ec9849e1a71e80a5d69d13859-le32d4.cache-3
7365b000-7365c000 r--s 00000000 08:01 925780     /var/cache/fontconfig/e3fa16a14183b06aa45b3e009278fd14-le32d4.cache-3
7365c000-7365d000 r--s 00000000 08:01 917577     /var/cache/fontconfig/e7071f4a29fa870f4323321c154eba04-le32d4.cache-3
7365d000-73660000 r--s 00000000 08:01 917563     /var/cache/fontconfig/6eb3985aa4124903f6ff08ba781cd364-le32d4.cache-3
73660000-73661000 r--s 00000000 08:01 917559     /var/cache/fontconfig/4c73fe0c47614734b17d736dbde7580a-le32d4.cache-3
73661000-73662000 r--s 00000000 08:01 917553     /var/cache/fontconfig/0d8c3b2ac0904cb8a57a757ad11a4a08-le32d4.cache-3
73662000-73663000 r--s 00000000 08:01 917561     /var/cache/fontconfig/6a53c69dea097a2d716e069445527da8-le32d4.cache-3
73663000-73667000 r--s 00000000 08:01 917568     /var/cache/fontconfig/a755afe4a08bf5b97852ceb7400b47bc-le32d4.cache-3
73667000-7366e000 r--s 00000000 08:01 925779     /var/cache/fontconfig/6d41288fd70b0be22e8c3a91e032eec0-le32d4.cache-3
7366e000-73679000 r--s 00000000 08:01 917554     /var/cache/fontconfig/0f34bcd4b6ee430af32735b75db7f02b-le32d4.cache-3
73679000-7367c000 r--s 00000000 08:01 917573     /var/cache/fontconfig/d60319d88cac85ba9e1a07bd06cfbb8c-le32d4.cache-3
7367c000-7369e000 r--s 00000000 08:01 925903     /var/cache/fontconfig/365b55f210c0a22e9a19e35191240f32-le32d4.cache-3
7369e000-736a6000 r--s 00000000 08:01 917572     /var/cache/fontconfig/d52a8644073d54c13679302ca1180695-le32d4.cache-3
736a6000-736a8000 r--s 00000000 08:01 919472     /var/cache/fontconfig/e13b20fdb08344e0e664864cc2ede53d-le32d4.cache-3
736a8000-736ab000 r--s 00000000 08:01 925777     /var/cache/fontconfig/7ef2298fde41cc6eeb7af42e48b7d293-le32d4.cache-3
736ab000-736ad000 r--s 00011000 08:01 25561684   /home/firstuser/dev/tools/flex-4.5.0.20967/lib/xercesPatch.jar
736ad000-736ae000 r--s 00006000 08:01 25561683   /home/firstuser/dev/tools/flex-4.5.0.20967/lib/xercesImpl_zh_CN.jar
736ae000-736af000 r--s 00007000 08:01 25561682   /home/firstuser/dev/tools/flex-4.5.0.20967/lib/xercesImpl_ru.jar
736af000-736b1000 r--s 00006000 08:01 25561681   /home/firstuser/dev/tools/flex-4.5.0.20967/lib/xercesImpl_ko.jar
736b1000-736b3000 r--s 00006000 08:01 25561680   /home/firstuser/dev/tools/flex-4.5.0.20967/lib/xercesImpl_ja.jar
736b3000-736b4000 r--s 00006000 08:01 25561679   /home/firstuser/dev/tools/flex-4.5.0.20967/lib/xercesImpl_fr.jar
736b4000-736b5000 r--s 00006000 08:01 25561678   /home/firstuser/dev/tools/flex-4.5.0.20967/lib/xercesImpl_de.jar
736b5000-736cd000 r--s 00115000 08:01 25561677   /home/firstuser/dev/tools/flex-4.5.0.20967/lib/xercesImpl.jar
736cd000-736f2000 r--s 002dc000 08:01 25561674   /home/firstuser/dev/tools/flex-4.5.0.20967/lib/xalan.jar
736f2000-736f4000 r--s 00007000 08:01 25561662   /home/firstuser/dev/tools/flex-4.5.0.20967/lib/mxmlc_zh_TW.jar
736f4000-736f6000 r--s 00007000 08:01 25561661   /home/firstuser/dev/tools/flex-4.5.0.20967/lib/mxmlc_zh_CN.jar
736f6000-736f7000 r--s 00007000 08:01 25561660   /home/firstuser/dev/tools/flex-4.5.0.20967/lib/mxmlc_sv.jar
736f7000-736f8000 r--s 0000a000 08:01 25561659   /home/firstuser/dev/tools/flex-4.5.0.20967/lib/mxmlc_ru.jar
736f8000-736f9000 r--s 00007000 08:01 25561658   /home/firstuser/dev/tools/flex-4.5.0.20967/lib/mxmlc_pt.jar
736f9000-736fa000 r--s 00007000 08:01 25561657   /home/firstuser/dev/tools/flex-4.5.0.20967/lib/mxmlc_nl.jar
736fa000-736fb000 r--s 00007000 08:01 25561656   /home/firstuser/dev/tools/flex-4.5.0.20967/lib/mxmlc_nb.jar
736fb000-736fc000 r--s 00008000 08:01 25561655   /home/firstuser/dev/tools/flex-4.5.0.20967/lib/mxmlc_ko.jar
736fc000-736fe000 r--s 00008000 08:01 25561654   /home/firstuser/dev/tools/flex-4.5.0.20967/lib/mxmlc_ja.jar
736fe000-73700000 r--s 00007000 08:01 25561653   /home/firstuser/dev/tools/flex-4.5.0.20967/lib/mxmlc_it.jar
73700000-737fd000 rw-p 00000000 00:00 0 
737fd000-73800000 ---p 00000000 00:00 0 
73800000-73802000 r--s 00007000 08:01 25561652   /home/firstuser/dev/tools/flex-4.5.0.20967/lib/mxmlc_fr.jar
73802000-73803000 r--s 00007000 08:01 25561651   /home/firstuser/dev/tools/flex-4.5.0.20967/lib/mxmlc_fi.jar
73803000-73804000 r--s 00007000 08:01 25561650   /home/firstuser/dev/tools/flex-4.5.0.20967/lib/mxmlc_es.jar
73804000-73806000 r--s 00007000 08:01 25561649   /home/firstuser/dev/tools/flex-4.5.0.20967/lib/mxmlc_de.jar
73806000-73807000 r--s 00007000 08:01 25561648   /home/firstuser/dev/tools/flex-4.5.0.20967/lib/mxmlc_da.jar
73807000-7380a000 r--s 00016000 08:01 25561645   /home/firstuser/dev/tools/flex-4.5.0.20967/lib/flex-messaging-common.jar
7380a000-7380f000 r--s 0003e000 08:01 25561646   /home/firstuser/dev/tools/flex-4.5.0.20967/lib/fxgutils.jar
7380f000-73816000 r--s 0006c000 08:01 25561668   /home/firstuser/dev/tools/flex-4.5.0.20967/lib/swfutils.jar
73816000-73818000 r--s 00008000 08:01 25561638   /home/firstuser/dev/tools/flex-4.5.0.20967/lib/commons-logging.jar
73818000-7381b000 r--s 0000f000 08:01 25561635   /home/firstuser/dev/tools/flex-4.5.0.20967/lib/commons-discovery.jar
7381b000-73822000 r--s 00042000 08:01 25561633   /home/firstuser/dev/tools/flex-4.5.0.20967/lib/commons-collections.jar
73822000-7382c000 r--s 00075000 08:01 25561669   /home/firstuser/dev/tools/flex-4.5.0.20967/lib/velocity-dep-1.4-flex.jar
7382c000-7382f000 r--s 00004000 08:01 25561631   /home/firstuser/dev/tools/flex-4.5.0.20967/lib/batik_zh_CN.jar
7382f000-73831000 r--s 00005000 08:01 25561630   /home/firstuser/dev/tools/flex-4.5.0.20967/lib/batik_ru.jar
73831000-73833000 r--s 00005000 08:01 25561629   /home/firstuser/dev/tools/flex-4.5.0.20967/lib/batik_ko.jar
73833000-73836000 r--s 00004000 08:01 25561627   /home/firstuser/dev/tools/flex-4.5.0.20967/lib/batik_fr.jar
73836000-73839000 r--s 00004000 08:01 25561626   /home/firstuser/dev/tools/flex-4.5.0.20967/lib/batik_de.jar
73839000-73879000 r--s 00249000 08:01 25561623   /home/firstuser/dev/tools/flex-4.5.0.20967/lib/batik-all-flex.jar
73879000-73881000 r--s 00028000 08:01 25561685   /home/firstuser/dev/tools/flex-4.5.0.20967/lib/xmlParserAPIs.jar
73881000-73889000 r--s 00133000 08:01 25561620   /home/firstuser/dev/tools/flex-4.5.0.20967/lib/asc.jar
73889000-738aa000 r--s 001de000 08:01 25561647   /home/firstuser/dev/tools/flex-4.5.0.20967/lib/mxmlc.jar
738aa000-738ae000 r--s 0001a000 08:01 25690127   /home/firstuser/dev/bigbluebutton/bigbluebutton-client/build/lib/ant-contrib-0.6.jar
738ae000-738b1000 ---p 00000000 00:00 0 
738b1000-738ff000 rw-p 00000000 00:00 0 
738ff000-73902000 ---p 00000000 00:00 0 
73902000-73950000 rw-p 00000000 00:00 0 
73950000-73953000 ---p 00000000 00:00 0 
73953000-739a1000 rw-p 00000000 00:00 0 
739a1000-73a00000 r--s 00d86000 08:01 11536527   /usr/lib/jvm/java-6-openjdk/lib/tools.jar
73a00000-73af9000 rw-p 00000000 00:00 0 
73af9000-73b00000 ---p 00000000 00:00 0 
73b00000-73b01000 r--s 00000000 08:01 917557     /var/cache/fontconfig/4794a0821666d79190d59a36cb4f44b5-le32d4.cache-3
73b01000-73b03000 r--s 00005000 08:01 25561628   /home/firstuser/dev/tools/flex-4.5.0.20967/lib/batik_ja.jar
73b03000-73b05000 r--s 0000f000 08:01 25429741   /home/firstuser/dev/tools/flex-4.5.0.20967/ant/lib/flexTasks.jar
73b05000-73b07000 r--s 00006000 08:01 8002501    /usr/share/java/ant-jsch-1.7.1.jar
73b07000-73b09000 r--s 0000a000 08:01 8002497    /usr/share/java/ant-commons-net-1.7.1.jar
73b09000-73b0a000 r--s 00001000 08:01 8002504    /usr/share/java/ant-swing-1.7.1.jar
73b0a000-73b0b000 r--s 00001000 08:01 8002489    /usr/share/java/ant-antlr-1.7.1.jar
73b0b000-73b0c000 r--s 00001000 08:01 8002505    /usr/share/java/ant-trax-1.7.1.jar
73b0c000-73b0e000 r--s 00008000 08:01 8002493    /usr/share/java/ant-apache-oro-1.7.1.jar
73b0e000-73b22000 r--s 00135000 08:01 8002478    /usr/share/java/ant-1.7.1.jar
73b22000-73b3a000 r--s 00114000 08:01 8002475    /usr/share/java/xercesImpl-2.9.1.jar
73b3a000-73b3b000 ---p 00000000 00:00 0 
73b3b000-73bbb000 rw-p 00000000 00:00 0 
73bbb000-73bbe000 ---p 00000000 00:00 0 
73bbe000-73c0c000 rw-p 00000000 00:00 0 
73c0c000-73c0f000 ---p 00000000 00:00 0 
73c0f000-73c8d000 rw-p 00000000 00:00 0 
73c8d000-73c90000 ---p 00000000 00:00 0 
73c90000-73d0e000 rw-p 00000000 00:00 0 
73d0e000-73d11000 ---p 00000000 00:00 0 
73d11000-73d5f000 rw-p 00000000 00:00 0 
73d5f000-73d9e000 r--p 00000000 08:01 7733348    /usr/lib/locale/en_CA.utf8/LC_CTYPE
73d9e000-73da1000 ---p 00000000 00:00 0 
73da1000-73def000 rw-p 00000000 00:00 0 
73def000-73df0000 ---p 00000000 00:00 0 
73df0000-73e70000 rw-p 00000000 00:00 0 
73e70000-74000000 r--s 038c5000 08:01 11273936   /usr/lib/jvm/java-6-openjdk/jre/lib/rt.jar
74000000-740f9000 rw-p 00000000 00:00 0 
740f9000-74100000 ---p 00000000 00:00 0 
74100000-74101000 r--p 00000000 00:00 0 
74101000-74102000 r--s 00001000 08:01 8002499    /usr/share/java/ant-jdepend-1.7.1.jar
74102000-74103000 r--s 00000000 08:01 8002492    /usr/share/java/ant-apache-log4j-1.7.1.jar
74103000-74105000 r--s 00001000 08:01 8002490    /usr/share/java/ant-apache-bcel-1.7.1.jar
74105000-7410d000 r--s 00062000 08:01 8002503    /usr/share/java/ant-nodeps-1.7.1.jar
7410d000-7410e000 r--s 00000000 08:01 8002495    /usr/share/java/ant-apache-resolver-1.7.1.jar
7410e000-7410f000 r--s 00000000 08:01 8002494    /usr/share/java/ant-apache-regexp-1.7.1.jar
7410f000-74110000 r--s 00000000 08:01 8002496    /usr/share/java/ant-commons-logging-1.7.1.jar
74110000-74111000 r--s 00001000 08:01 8002500    /usr/share/java/ant-jmf-1.7.1.jar
74111000-74112000 r--s 00000000 08:01 8002491    /usr/share/java/ant-apache-bsf-1.7.1.jar
74112000-74113000 r--s 00002000 08:01 8002479    /usr/share/java/ant-launcher-1.7.1.jar
74113000-74114000 r--s 00001000 08:01 8002498    /usr/share/java/ant-javamail-1.7.1.jar
74114000-74116000 r--s 00015000 08:01 8002502    /usr/share/java/ant-junit-1.7.1.jar
74116000-7411e000 r--s 0002d000 08:01 11536257   /usr/share/maven-repo/javax/xml/jaxp-api/1.3/jaxp-api-1.3.jar
7411e000-74121000 r--s 0007d000 08:01 11273407   /usr/lib/jvm/java-6-openjdk/jre/lib/jsse.jar
74121000-74122000 r--s 00002000 08:01 8002479    /usr/share/java/ant-launcher-1.7.1.jar
74122000-74125000 r--s 0000f000 08:01 11273393   /usr/lib/jvm/java-6-openjdk/jre/lib/ext/pulse-java.jar
74125000-7412e000 r--s 00065000 08:01 8002369    /usr/share/java/gnome-java-bridge.jar
7412e000-74131000 ---p 00000000 00:00 0 
74131000-741b2000 rw-p 00000000 00:00 0 
741b2000-741b3000 ---p 00000000 00:00 0 
741b3000-74233000 rw-p 00000000 00:00 0 
74233000-74234000 ---p 00000000 00:00 0 
74234000-742d2000 rw-p 00000000 00:00 0 
742d2000-743b4000 rw-p 00000000 00:00 0 
743b4000-743db000 rw-p 00000000 00:00 0 
743db000-7445f000 rw-p 00000000 00:00 0 
7445f000-7447d000 rw-p 00000000 00:00 0 
7447d000-7455f000 rw-p 00000000 00:00 0 
7455f000-74586000 rw-p 00000000 00:00 0 
74586000-74609000 rw-p 00000000 00:00 0 
74609000-7465f000 rw-p 00000000 00:00 0 
7465f000-780c0000 rw-p 00000000 00:00 0 
780c0000-94660000 rw-p 00000000 00:00 0 
94660000-993c0000 rw-p 00000000 00:00 0 
993c0000-a9bc0000 rw-p 00000000 00:00 0 
a9bc0000-b4660000 rw-p 00000000 00:00 0 
b4660000-b4667000 r--s 00000000 08:01 7611408    /usr/lib/gconv/gconv-modules.cache
b4667000-b4669000 r--s 0001d000 08:01 11273412   /usr/lib/jvm/java-6-openjdk/jre/lib/plugin.jar
b4669000-b469b000 rw-p 00000000 00:00 0 
b469b000-b4729000 rw-p 00000000 00:00 0 
b4729000-b5371000 rwxp 00000000 00:00 0 
b5371000-b7729000 rw-p 00000000 00:00 0 
b7729000-b772c000 ---p 00000000 00:00 0 
b772c000-b777d000 rw-p 00000000 00:00 0 
b777d000-b7782000 r--s 00045000 08:01 11273411   /usr/lib/jvm/java-6-openjdk/jre/lib/netx.jar
b7782000-b778a000 rw-s 00000000 08:01 16121949   /tmp/hsperfdata_firstuser/25248
b778a000-b778b000 rw-p 00000000 00:00 0 
b778b000-b778c000 r--p 00000000 00:00 0 
b778c000-b778e000 rw-p 00000000 00:00 0 
bff04000-bff19000 rw-p 00000000 00:00 0          [stack]

VM Arguments:
jvm_args: -Xmx512m -XX:MaxPermSize=512m -Dant.home=/usr/share/ant -Dant.library.dir=/usr/share/ant/lib 
java_command: org.apache.tools.ant.launch.Launcher -cp 
Launcher Type: SUN_STANDARD

Environment Variables:
JAVA_HOME=/usr/lib/jvm/java-6-openjdk
PATH=/usr/local/sbin:/usr/local/bin:/usr/sbin:/usr/bin:/sbin:/bin:/usr/games:/home/firstuser/dev/tools/groovy-1.6.5/bin:/home/firstuser/dev/tools/grails-1.1.1/bin:/home/firstuser/dev/tools/flex/bin:/home/firstuser/dev/tools/gradle-0.8/bin:/home/firstuser/dev/tools/groovy-1.6.5/bin:/home/firstuser/dev/tools/grails-1.1.1/bin:/home/firstuser/dev/tools/flex/bin:/home/firstuser/dev/tools/gradle-0.8/bin
USERNAME=firstuser
LD_LIBRARY_PATH=/usr/lib/jvm/java-6-openjdk/jre/lib/i386/server:/usr/lib/jvm/java-6-openjdk/jre/lib/i386:/usr/lib/jvm/java-6-openjdk/jre/../lib/i386
SHELL=/bin/bash
DISPLAY=:0.0

Signal Handlers:
SIGSEGV: [libjvm.so+0x64a040], sa_mask[0]=0x7ffbfeff, sa_flags=0x10000004
SIGBUS: [libjvm.so+0x64a040], sa_mask[0]=0x7ffbfeff, sa_flags=0x10000004
SIGFPE: [libjvm.so+0x51c0d0], sa_mask[0]=0x7ffbfeff, sa_flags=0x10000004
SIGPIPE: [libjvm.so+0x51c0d0], sa_mask[0]=0x7ffbfeff, sa_flags=0x10000004
SIGXFSZ: [libjvm.so+0x51c0d0], sa_mask[0]=0x7ffbfeff, sa_flags=0x10000004
SIGILL: [libjvm.so+0x51c0d0], sa_mask[0]=0x7ffbfeff, sa_flags=0x10000004
SIGUSR1: SIG_DFL, sa_mask[0]=0x00000000, sa_flags=0x00000000
SIGUSR2: [libjvm.so+0x51b780], sa_mask[0]=0x00000000, sa_flags=0x10000004
SIGHUP: [libjvm.so+0x51e2f0], sa_mask[0]=0x7ffbfeff, sa_flags=0x10000004
SIGINT: [libjvm.so+0x51e2f0], sa_mask[0]=0x7ffbfeff, sa_flags=0x10000004
SIGTERM: [libjvm.so+0x51e2f0], sa_mask[0]=0x7ffbfeff, sa_flags=0x10000004
SIGQUIT: [libjvm.so+0x51e2f0], sa_mask[0]=0x7ffbfeff, sa_flags=0x10000004


---------------  S Y S T E M  ---------------

OS:Ubuntu 10.04 (lucid)
uname:Linux 2.6.32-39-generic #86-Ubuntu SMP Mon Feb 13 21:47:32 UTC 2012 i686
libc:glibc 2.11.1 NPTL 2.11.1 
rlimit: STACK 8192k, CORE 0k, NPROC infinity, NOFILE 1024, AS infinity
load average:2.54 2.02 1.21

/proc/meminfo:
MemTotal:        2025736 kB
MemFree:          369472 kB
Buffers:           60228 kB
Cached:           391000 kB
SwapCached:         4892 kB
Active:          1058512 kB
Inactive:         492176 kB
Active(anon):     827708 kB
Inactive(anon):   280744 kB
Active(file):     230804 kB
Inactive(file):   211432 kB
Unevictable:          16 kB
Mlocked:              16 kB
HighTotal:       1151608 kB
HighFree:           1668 kB
LowTotal:         874128 kB
LowFree:          367804 kB
SwapTotal:       5931000 kB
SwapFree:        5912128 kB
Dirty:              3308 kB
Writeback:             0 kB
AnonPages:       1095272 kB
Mapped:           133540 kB
Shmem:              8892 kB
Slab:              41596 kB
SReclaimable:      30052 kB
SUnreclaim:        11544 kB
KernelStack:        3408 kB
PageTables:         7452 kB
NFS_Unstable:          0 kB
Bounce:                0 kB
WritebackTmp:          0 kB
CommitLimit:     6943868 kB
Committed_AS:    1943520 kB
VmallocTotal:     122880 kB
VmallocUsed:       77840 kB
VmallocChunk:      35868 kB
HardwareCorrupted:     0 kB
HugePages_Total:       0
HugePages_Free:        0
HugePages_Rsvd:        0
HugePages_Surp:        0
Hugepagesize:       4096 kB
DirectMap4k:       12280 kB
DirectMap4M:      897024 kB


CPU:total 2 (2 cores per cpu, 1 threads per core) family 6 model 23 stepping 10, cmov, cx8, fxsr, mmx, sse, sse2, sse3, ssse3, sse4.1

Memory: 4k page, physical 2025736k(369472k free), swap 5931000k(5912128k free)

vm_info: OpenJDK Server VM (19.0-b09) for linux-x86 JRE (1.6.0_20-b20), built on Feb 17 2012 07:22:18 by "buildd" with gcc 4.4.3

time: Fri Mar 16 13:17:39 2012
elapsed time: 39 seconds

